<?xml version="1.0" encoding="UTF-8"?><testrun name="StringHelperTest (1)" project="02_JunitTestingBasics" tests="4" started="4" failures="2" errors="0" ignored="0">
  <testsuite name="com.junit.helper.StringHelperTest" time="0.024" displayname="StringHelperTest" uniqueid="[engine:junit-jupiter]/[class:com.junit.helper.StringHelperTest]">
    <testcase name="testTruncateAInFirst2Positions" classname="com.junit.helper.StringHelperTest" time="0.013" displayname="testTruncateAInFirst2Positions()" uniqueid="[engine:junit-jupiter]/[class:com.junit.helper.StringHelperTest]/[method:testTruncateAInFirst2Positions()]">
      <failure>
        <expected>true</expected>
        <actual>false</actual>
        org.opentest4j.AssertionFailedError: expected: &lt;true&gt; but was: &lt;false&gt;&#13;
	at org.junit.jupiter.api.AssertionFailureBuilder.build(AssertionFailureBuilder.java:151)&#13;
	at org.junit.jupiter.api.AssertionFailureBuilder.buildAndThrow(AssertionFailureBuilder.java:132)&#13;
	at org.junit.jupiter.api.AssertTrue.failNotTrue(AssertTrue.java:63)&#13;
	at org.junit.jupiter.api.AssertTrue.assertTrue(AssertTrue.java:36)&#13;
	at org.junit.jupiter.api.AssertTrue.assertTrue(AssertTrue.java:31)&#13;
	at org.junit.jupiter.api.Assertions.assertTrue(Assertions.java:183)&#13;
	at com.junit.helper.StringHelperTest.testTruncateAInFirst2Positions(StringHelperTest.java:19)&#13;
	at java.base/java.lang.reflect.Method.invoke(Method.java:568)&#13;
	at java.base/java.util.ArrayList.forEach(ArrayList.java:1511)&#13;
	at java.base/java.util.ArrayList.forEach(ArrayList.java:1511)&#13;
&#13;

      </failure>
    </testcase>
    <testcase name="testTruncateAInFirst2Positions2" classname="com.junit.helper.StringHelperTest" time="0.002" displayname="testTruncateAInFirst2Positions2()" uniqueid="[engine:junit-jupiter]/[class:com.junit.helper.StringHelperTest]/[method:testTruncateAInFirst2Positions2()]"/>
    <testcase name="testTruncateAInFirst2Positions3" classname="com.junit.helper.StringHelperTest" time="0.004" displayname="testTruncateAInFirst2Positions3()" uniqueid="[engine:junit-jupiter]/[class:com.junit.helper.StringHelperTest]/[method:testTruncateAInFirst2Positions3()]">
      <failure>
        <expected>true</expected>
        <actual>false</actual>
        org.opentest4j.AssertionFailedError: expected: &lt;true&gt; but was: &lt;false&gt;&#13;
	at org.junit.jupiter.api.AssertionFailureBuilder.build(AssertionFailureBuilder.java:151)&#13;
	at org.junit.jupiter.api.AssertionFailureBuilder.buildAndThrow(AssertionFailureBuilder.java:132)&#13;
	at org.junit.jupiter.api.AssertTrue.failNotTrue(AssertTrue.java:63)&#13;
	at org.junit.jupiter.api.AssertTrue.assertTrue(AssertTrue.java:36)&#13;
	at org.junit.jupiter.api.AssertTrue.assertTrue(AssertTrue.java:31)&#13;
	at org.junit.jupiter.api.Assertions.assertTrue(Assertions.java:183)&#13;
	at com.junit.helper.StringHelperTest.testTruncateAInFirst2Positions3(StringHelperTest.java:29)&#13;
	at java.base/java.lang.reflect.Method.invoke(Method.java:568)&#13;
	at java.base/java.util.ArrayList.forEach(ArrayList.java:1511)&#13;
	at java.base/java.util.ArrayList.forEach(ArrayList.java:1511)&#13;
&#13;

      </failure>
    </testcase>
    <testcase name="testTruncateAInFirst2Positions4" classname="com.junit.helper.StringHelperTest" time="0.002" displayname="testTruncateAInFirst2Positions4()" uniqueid="[engine:junit-jupiter]/[class:com.junit.helper.StringHelperTest]/[method:testTruncateAInFirst2Positions4()]"/>
  </testsuite>
</testrun>
